<?xml version="1.0" encoding="UTF-8"?>
<!-- Generated by org.testng.reporters.JUnitReportReporter -->
<testsuite hostname="LAPTOP-UF9A8OM1" failures="0" tests="3" name="test.day3" time="0.006" errors="0" timestamp="2022-05-25T14:54:33 EDT" skipped="1">
  <testcase classname="test.day3" name="WebLoginHomeLoan" time="0.003"/>
  <system-out/>
  <testcase classname="test.day3" name="ApiLoginHomeLoan" time="0.003"/>
  <system-out/>
  <testcase classname="test.day3" name="MobileSigninHomeLoan">
    <skipped/>
  </testcase> <!-- MobileSigninHomeLoan -->
  <system-out/>
</testsuite> <!-- test.day3 -->
