<?xml version="1.0" encoding="UTF-8"?>
<!-- Generated by org.testng.reporters.JUnitReportReporter -->
<testsuite hostname="LAPTOP-UF9A8OM1" failures="0" tests="2" name="test.day3" time="0.010" errors="0" timestamp="2022-05-24T22:04:26 EDT" skipped="0">
  <testcase classname="test.day3" name="WebLoginHomeLoan" time="0.005"/>
  <system-out/>
  <testcase classname="test.day3" name="ApiLoginHomeLoan" time="0.005"/>
  <system-out/>
</testsuite> <!-- test.day3 -->
