<?xml version="1.0" encoding="UTF-8"?>
<!-- Generated by org.testng.reporters.JUnitReportReporter -->
<testsuite hostname="LAPTOP-UF9A8OM1" failures="0" tests="1" name="test.day1" time="0.021" errors="0" timestamp="2022-05-25T14:54:33 EDT" skipped="0">
  <testcase classname="test.day1" name="Demo" time="0.021"/>
  <system-out/>
</testsuite> <!-- test.day1 -->
