<?xml version="1.0" encoding="UTF-8"?>
<!-- Generated by org.testng.reporters.JUnitReportReporter -->
<testsuite hostname="LAPTOP-UF9A8OM1" failures="0" tests="2" name="test.day2" time="0.008" errors="0" timestamp="2022-05-24T23:55:59 EDT" skipped="0">
  <testcase classname="test.day2" name="personal_home_loan" time="0.005"/>
  <system-out/>
  <testcase classname="test.day2" name="Demo2" time="0.003"/>
  <system-out/>
</testsuite> <!-- test.day2 -->
