<?xml version="1.0" encoding="UTF-8"?>
<!-- Generated by org.testng.reporters.JUnitReportReporter -->
<testsuite hostname="LAPTOP-UF9A8OM1" failures="0" tests="4" name="test.day2" time="0.017" errors="0" timestamp="2022-05-25T00:09:49 EDT" skipped="0">
  <testcase classname="test.day2" name="personal_car_loan" time="0.007"/>
  <system-out/>
  <testcase classname="test.day2" name="Demo" time="0.002"/>
  <system-out/>
  <testcase classname="test.day2" name="personal_home_loan" time="0.002"/>
  <system-out/>
  <testcase classname="test.day2" name="Demo2" time="0.006"/>
  <system-out/>
</testsuite> <!-- test.day2 -->
