<?xml version="1.0" encoding="UTF-8"?>
<!-- Generated by org.testng.reporters.JUnitReportReporter -->
<testsuite hostname="LAPTOP-UF9A8OM1" failures="0" tests="3" name="test.day4" time="0.025" errors="0" timestamp="2022-05-24T23:41:49 EDT" skipped="0">
  <testcase classname="test.day4" name="WebLoginCarLoan" time="0.005"/>
  <system-out/>
  <testcase classname="test.day4" name="MobileLoginCarLoan" time="0.003"/>
  <system-out/>
  <testcase classname="test.day4" name="ApiLoginCarLoan" time="0.017"/>
  <system-out/>
</testsuite> <!-- test.day4 -->
