<?xml version="1.0" encoding="UTF-8"?>
<!-- Generated by org.testng.reporters.JUnitReportReporter -->
<testsuite hostname="LAPTOP-UF9A8OM1" failures="0" tests="2" name="test.day4" time="0.012" errors="0" timestamp="2022-05-24T22:04:26 EDT" skipped="0">
  <testcase classname="test.day4" name="WebLoginCarLoan" time="0.009"/>
  <system-out/>
  <testcase classname="test.day4" name="ApiLoginCarLoan" time="0.003"/>
  <system-out/>
</testsuite> <!-- test.day4 -->
