<?xml version="1.0" encoding="UTF-8"?>
<!-- Generated by org.testng.reporters.JUnitReportReporter -->
<testsuite hostname="LAPTOP-UF9A8OM1" failures="0" tests="4" name="test.day4" time="0.010" errors="0" timestamp="2022-05-25T00:26:05 EDT" skipped="0">
  <testcase classname="test.day4" name="ApiLoginCarLoan" time="0.001"/>
  <system-out/>
  <testcase classname="test.day4" name="khemWebLoginCarLoan" time="0.002"/>
  <system-out/>
  <testcase classname="test.day4" name="WebLoginCarLoan" time="0.003"/>
  <system-out/>
  <testcase classname="test.day4" name="apicarloan" time="0.004"/>
  <system-out/>
</testsuite> <!-- test.day4 -->
