<?xml version="1.0" encoding="UTF-8"?>
<!-- Generated by org.testng.reporters.JUnitReportReporter -->
<testsuite hostname="LAPTOP-UF9A8OM1" failures="0" tests="2" name="test.day2" time="0.006" errors="0" timestamp="2022-05-25T00:26:05 EDT" skipped="0">
  <testcase classname="test.day2" name="personal_car_loan" time="0.002"/>
  <system-out/>
  <testcase classname="test.day2" name="personal_home_loan" time="0.004"/>
  <system-out/>
</testsuite> <!-- test.day2 -->
